<?xml version="1.0" encoding="UTF-8"?>
<testng-results ignored="0" total="2" passed="2" failed="0" skipped="0">
  <reporter-output>
  </reporter-output>
  <suite started-at="2025-02-23T18:29:42 ICT" name="Default suite" finished-at="2025-02-23T18:29:52 ICT" duration-ms="10010">
    <groups>
    </groups>
    <test started-at="2025-02-23T18:29:42 ICT" name="Default test" finished-at="2025-02-23T18:29:52 ICT" duration-ms="10010">
      <class name="scheme.addScheme">
        <test-method is-config="true" signature="launchBrowser()[pri:0, instance:scheme.addScheme@72f46e16]" started-at="2025-02-23T18:29:42 ICT" name="launchBrowser" finished-at="2025-02-23T18:29:45 ICT" duration-ms="3044" status="PASS">
          <reporter-output>
          </reporter-output>
        </test-method> <!-- launchBrowser -->
        <test-method signature="login()[pri:0, instance:scheme.addScheme@72f46e16]" started-at="2025-02-23T18:29:45 ICT" name="login" finished-at="2025-02-23T18:29:46 ICT" duration-ms="1586" status="PASS">
          <reporter-output>
          </reporter-output>
        </test-method> <!-- login -->
        <test-method signature="Scheme()[pri:0, instance:scheme.addScheme@72f46e16]" started-at="2025-02-23T18:29:46 ICT" name="Scheme" finished-at="2025-02-23T18:29:52 ICT" depends-on-methods="scheme.addScheme.login" duration-ms="5193" status="PASS">
          <reporter-output>
          </reporter-output>
        </test-method> <!-- Scheme -->
      </class> <!-- scheme.addScheme -->
    </test> <!-- Default test -->
  </suite> <!-- Default suite -->
</testng-results>
