<?xml version="1.0" encoding="UTF-8"?>
<!-- Generated by org.testng.reporters.JUnitReportReporter -->
<testsuite hostname="nhu-y-xinhdep" failures="0" tests="2" name="NguyenTuanTai.add_user_feature" time="2.525" errors="0" timestamp="2025-02-23T16:52:41 ICT" skipped="0">
  <testcase classname="NguyenTuanTai.add_user_feature" name="addUser" time="1.001"/>
  <system-out/>
  <testcase classname="NguyenTuanTai.add_user_feature" name="login" time="1.524"/>
  <system-out/>
</testsuite> <!-- NguyenTuanTai.add_user_feature -->
